<?xml version="1.0" encoding="UTF-8"?>
<!-- Generated by org.testng.reporters.JUnitReportReporter -->
<testsuite hostname="muhammadhussain" name="com.testng.project.test.TestRandomEmailGenerator" tests="1" failures="0" timestamp="27 Feb 2015 10:12:25 GMT" time="0.010" errors="0">
  <testcase name="testGenerate" time="0.010" classname="com.testng.project.test.TestRandomEmailGenerator"/>
</testsuite> <!-- com.testng.project.test.TestRandomEmailGenerator -->
